0 info it worked if it ends with ok
1 verbose cli [ '/usr/local/bin/node', '/usr/local/bin/npm', 'install' ]
2 info using npm@1.3.11
3 info using node@v0.10.21
4 warn package.json webTools@0.0.0 No repository field.
5 warn package.json webTools@0.0.0 No README data
6 verbose readDependencies using package.json deps
7 verbose install where, deps [ '/home/cewang/work/node/webTool',
7 verbose install   [ 'express', 'jade', 'fs' ] ]
8 info preinstall webTools@0.0.0
9 verbose readDependencies using package.json deps
10 verbose already installed skipping jade@* /home/cewang/work/node/webTool
11 verbose cache add [ 'fs@*', null ]
12 verbose cache add name=undefined spec="fs@*" args=["fs@*",null]
13 verbose parsed url { protocol: null,
13 verbose parsed url   slashes: null,
13 verbose parsed url   auth: null,
13 verbose parsed url   host: null,
13 verbose parsed url   port: null,
13 verbose parsed url   hostname: null,
13 verbose parsed url   hash: null,
13 verbose parsed url   search: null,
13 verbose parsed url   query: null,
13 verbose parsed url   pathname: 'fs@*',
13 verbose parsed url   path: 'fs@*',
13 verbose parsed url   href: 'fs@*' }
14 verbose cache add name="fs" spec="*" args=["fs","*"]
15 verbose parsed url { protocol: null,
15 verbose parsed url   slashes: null,
15 verbose parsed url   auth: null,
15 verbose parsed url   host: null,
15 verbose parsed url   port: null,
15 verbose parsed url   hostname: null,
15 verbose parsed url   hash: null,
15 verbose parsed url   search: null,
15 verbose parsed url   query: null,
15 verbose parsed url   pathname: '*',
15 verbose parsed url   path: '*',
15 verbose parsed url   href: '*' }
16 verbose addNamed [ 'fs', '*' ]
17 verbose addNamed [ null, '*' ]
18 verbose already installed skipping express@3.* /home/cewang/work/node/webTool
19 silly lockFile d8bf140d-fs fs@*
20 verbose lock fs@* /home/cewang/.npm/d8bf140d-fs.lock
21 silly addNameRange { name: 'fs', range: '*', hasData: false }
22 verbose url raw fs
23 verbose url resolving [ 'https://registry.npmjs.org/', './fs' ]
24 verbose url resolved https://registry.npmjs.org/fs
25 info trying registry request attempt 1 at 11:47:47
26 http GET https://registry.npmjs.org/fs
27 http 404 https://registry.npmjs.org/fs
28 silly registry.get cb [ 404,
28 silly registry.get   { server: 'CouchDB/1.3.1 (Erlang OTP/R15B03)',
28 silly registry.get     date: 'Wed, 13 Nov 2013 03:47:59 GMT',
28 silly registry.get     'content-type': 'application/json',
28 silly registry.get     'content-length': '52',
28 silly registry.get     'cache-control': 'must-revalidate' } ]
29 silly lockFile d8bf140d-fs fs@*
30 silly lockFile d8bf140d-fs fs@*
31 error 404 'fs' is not in the npm registry.
31 error 404 You should bug the author to publish it
31 error 404
31 error 404 Note that you can also install from a
31 error 404 tarball, folder, or http url, or git url.
32 error System Linux 3.8.0-29-generic
33 error command "/usr/local/bin/node" "/usr/local/bin/npm" "install"
34 error cwd /home/cewang/work/node/webTool
35 error node -v v0.10.21
36 error npm -v 1.3.11
37 error code E404
38 verbose exit [ 1, true ]
